<?xml version="1.0" encoding="UTF-8"?>
<!-- Generated by org.testng.reporters.JUnitXMLReporter -->
<testsuite ignored="2" hostname="RNZ880310-01-P" failures="0" tests="3" name="Test" time="226.461" errors="0" timestamp="2023-09-21T11:19:21 BST">
  <testcase classname="com.qa.winapp.test.Testcases" name="dry_trans" time="58.471"/>
  <testcase classname="com.qa.winapp.test.Testcases" name="fuel_pak_trans" time="76.469"/>
  <testcase classname="com.qa.winapp.test.Testcases" name="fuel_prepay_trans" time="61.603"/>
  <testcase classname="com.qa.winapp.test.Testcases" name="mixed_preset_trans" time="0.0">
    <ignored/>
  </testcase> <!-- mixed_preset_trans -->
  <testcase classname="com.qa.winapp.test.Testcases" name="fuel_preset_trans" time="0.0">
    <ignored/>
  </testcase> <!-- fuel_preset_trans -->
</testsuite> <!-- Test -->
