<?xml version="1.0" encoding="UTF-8"?>
<testng-results ignored="0" total="1" passed="1" failed="0" skipped="0">
  <reporter-output>
  </reporter-output>
  <suite started-at="2023-09-21T11:19:31 BST" name="Suite" finished-at="2023-09-21T11:19:50 BST" duration-ms="18509">
    <groups>
    </groups>
    <test started-at="2023-09-21T11:19:31 BST" name="Test" finished-at="2023-09-21T11:19:50 BST" duration-ms="18509">
      <class name="com.qa.fuelapp.test.FuellingTest">
        <test-method is-config="true" signature="setup()[pri:0, instance:com.qa.fuelapp.test.FuellingTest@57c758ac]" started-at="2023-09-21T11:19:31 BST" name="setup" finished-at="2023-09-21T11:19:32 BST" duration-ms="1126" status="PASS">
          <reporter-output>
          </reporter-output>
        </test-method> <!-- setup -->
        <test-method signature="fuelling()[pri:1, instance:com.qa.fuelapp.test.FuellingTest@57c758ac]" started-at="2023-09-21T11:19:32 BST" name="fuelling" finished-at="2023-09-21T11:19:50 BST" duration-ms="17300" status="PASS">
          <reporter-output>
          </reporter-output>
        </test-method> <!-- fuelling -->
      </class> <!-- com.qa.fuelapp.test.FuellingTest -->
    </test> <!-- Test -->
  </suite> <!-- Suite -->
</testng-results>
