<?xml version="1.0" encoding="UTF-8"?>
<!-- Generated by org.testng.reporters.JUnitXMLReporter -->
<testsuite ignored="0" hostname="RNZ880310-01-P" failures="4" tests="5" name="Test" time="387.113" errors="0" timestamp="2023-09-21T09:54:52 BST">
  <testcase classname="com.qa.winapp.test.Testcases" name="dry_trans" time="41.566"/>
  <testcase classname="com.qa.winapp.test.Testcases" name="fuel_preset_trans" time="99.222">
    <failure type="org.openqa.selenium.NoSuchElementException" message="An element could not be located on the page using the given search parameters. (WARNING: The server did not provide any stacktrace information)
Command duration or timeout: 0 milliseconds
For documentation on this error, please visit: http://seleniumhq.org/exceptions/no_such_element.html
Build info: version: &amp;apos;3.141.5&amp;apos;, revision: &amp;apos;d54ebd709a&amp;apos;, time: &amp;apos;2018-11-06T11:42:16&amp;apos;
System info: host: &amp;apos;RNZ880310-01-P&amp;apos;, ip: &amp;apos;192.168.5.132&amp;apos;, os.name: &amp;apos;Windows 10&amp;apos;, os.arch: &amp;apos;amd64&amp;apos;, os.version: &amp;apos;10.0&amp;apos;, java.version: &amp;apos;17.0.5&amp;apos;
Driver info: io.appium.java_client.windows.WindowsDriver
Capabilities {appTopLevelWindow: 40398, javascriptEnabled: true, platform: WINDOWS, platformName: Windows}
Session ID: F64D2881-6E4E-4D2B-93C3-8746B4B1E25F
*** Element info: {Using=xpath, value=//Pane[@ClassName=&amp;apos;TPositiveMainDlg&amp;apos;]/Pane[@ClassName=&amp;apos;TPanel&amp;apos;]/Pane[@ClassName=&amp;apos;TPanel&amp;apos;]/Button[@ClassName=&amp;apos;Button&amp;apos;]}">
      <![CDATA[org.openqa.selenium.NoSuchElementException: An element could not be located on the page using the given search parameters. (WARNING: The server did not provide any stacktrace information)
Command duration or timeout: 0 milliseconds
For documentation on this error, please visit: http://seleniumhq.org/exceptions/no_such_element.html
Build info: version: '3.141.5', revision: 'd54ebd709a', time: '2018-11-06T11:42:16'
System info: host: 'RNZ880310-01-P', ip: '192.168.5.132', os.name: 'Windows 10', os.arch: 'amd64', os.version: '10.0', java.version: '17.0.5'
Driver info: io.appium.java_client.windows.WindowsDriver
Capabilities {appTopLevelWindow: 40398, javascriptEnabled: true, platform: WINDOWS, platformName: Windows}
Session ID: F64D2881-6E4E-4D2B-93C3-8746B4B1E25F
*** Element info: {Using=xpath, value=//Pane[@ClassName='TPositiveMainDlg']/Pane[@ClassName='TPanel']/Pane[@ClassName='TPanel']/Button[@ClassName='Button']}
at org.openqa.selenium.remote.ErrorHandler.createThrowable(ErrorHandler.java:214)
at org.openqa.selenium.remote.ErrorHandler.throwIfResponseFailed(ErrorHandler.java:166)
at org.openqa.selenium.remote.http.JsonHttpResponseCodec.reconstructValue(JsonHttpResponseCodec.java:40)
at org.openqa.selenium.remote.http.AbstractHttpResponseCodec.decode(AbstractHttpResponseCodec.java:80)
at org.openqa.selenium.remote.http.AbstractHttpResponseCodec.decode(AbstractHttpResponseCodec.java:44)
at org.openqa.selenium.remote.HttpCommandExecutor.execute(HttpCommandExecutor.java:158)
at io.appium.java_client.remote.AppiumCommandExecutor.execute(AppiumCommandExecutor.java:239)
at org.openqa.selenium.remote.RemoteWebDriver.execute(RemoteWebDriver.java:552)
at io.appium.java_client.DefaultGenericMobileDriver.execute(DefaultGenericMobileDriver.java:41)
at io.appium.java_client.AppiumDriver.execute(AppiumDriver.java:1)
at io.appium.java_client.windows.WindowsDriver.execute(WindowsDriver.java:1)
at org.openqa.selenium.remote.RemoteWebDriver.findElement(RemoteWebDriver.java:323)
at io.appium.java_client.DefaultGenericMobileDriver.findElement(DefaultGenericMobileDriver.java:61)
at io.appium.java_client.AppiumDriver.findElement(AppiumDriver.java:1)
at io.appium.java_client.windows.WindowsDriver.findElement(WindowsDriver.java:1)
at org.openqa.selenium.remote.RemoteWebDriver.findElementByXPath(RemoteWebDriver.java:428)
at io.appium.java_client.DefaultGenericMobileDriver.findElementByXPath(DefaultGenericMobileDriver.java:151)
at io.appium.java_client.AppiumDriver.findElementByXPath(AppiumDriver.java:1)
at io.appium.java_client.windows.WindowsDriver.findElementByXPath(WindowsDriver.java:1)
at com.qa.winapp.util.Obj.Subtotal(Obj.java:106)
at com.qa.winapp.util.Obj.fuelpreset(Obj.java:264)
at com.qa.winapp.test.Testcases.fuel_preset_trans(Testcases.java:46)
at java.base/java.util.ArrayList.forEach(ArrayList.java:1511)
... Removed 32 stack frames]]>
    </failure>
  </testcase> <!-- fuel_preset_trans -->
  <testcase classname="com.qa.winapp.test.Testcases" name="mixed_preset_trans" time="61.285">
    <failure type="org.openqa.selenium.TimeoutException" message="Expected condition failed: waiting for presence of element located by: By.xpath: //Button[@ClassName=&amp;apos;Button&amp;apos;][starts-with(@Name,&amp;apos;Item UPC&amp;apos;)] (tried for 40 second(s) with 500 milliseconds interval)">
      <![CDATA[org.openqa.selenium.TimeoutException: Expected condition failed: waiting for presence of element located by: By.xpath: //Button[@ClassName='Button'][starts-with(@Name,'Item UPC')] (tried for 40 second(s) with 500 milliseconds interval)
at org.openqa.selenium.support.ui.WebDriverWait.timeoutException(WebDriverWait.java:95)
at org.openqa.selenium.support.ui.FluentWait.until(FluentWait.java:272)
at com.qa.winapp.util.Obj.waitforElement(Obj.java:45)
at com.qa.winapp.test.Testcases.mixed_preset_trans(Testcases.java:56)
at java.base/java.util.ArrayList.forEach(ArrayList.java:1511)
Caused by: org.openqa.selenium.NoSuchElementException: An element could not be located on the page using the given search parameters. (WARNING: The server did not provide any stacktrace information)
Command duration or timeout: 0 milliseconds
For documentation on this error, please visit: http://seleniumhq.org/exceptions/no_such_element.html
Build info: version: '3.141.5', revision: 'd54ebd709a', time: '2018-11-06T11:42:16'
System info: host: 'RNZ880310-01-P', ip: '192.168.5.132', os.name: 'Windows 10', os.arch: 'amd64', os.version: '10.0', java.version: '17.0.5'
Driver info: io.appium.java_client.windows.WindowsDriver
Capabilities {appTopLevelWindow: 40398, javascriptEnabled: true, platform: WINDOWS, platformName: Windows}
Session ID: F64D2881-6E4E-4D2B-93C3-8746B4B1E25F
*** Element info: {Using=xpath, value=//Button[@ClassName='Button'][starts-with(@Name,'Item UPC')]}
at org.openqa.selenium.remote.ErrorHandler.createThrowable(ErrorHandler.java:214)
at org.openqa.selenium.remote.ErrorHandler.throwIfResponseFailed(ErrorHandler.java:166)
at org.openqa.selenium.remote.http.JsonHttpResponseCodec.reconstructValue(JsonHttpResponseCodec.java:40)
at org.openqa.selenium.remote.http.AbstractHttpResponseCodec.decode(AbstractHttpResponseCodec.java:80)
at org.openqa.selenium.remote.http.AbstractHttpResponseCodec.decode(AbstractHttpResponseCodec.java:44)
at org.openqa.selenium.remote.HttpCommandExecutor.execute(HttpCommandExecutor.java:158)
at io.appium.java_client.remote.AppiumCommandExecutor.execute(AppiumCommandExecutor.java:239)
at org.openqa.selenium.remote.RemoteWebDriver.execute(RemoteWebDriver.java:552)
at io.appium.java_client.DefaultGenericMobileDriver.execute(DefaultGenericMobileDriver.java:41)
at io.appium.java_client.AppiumDriver.execute(AppiumDriver.java:1)
at io.appium.java_client.windows.WindowsDriver.execute(WindowsDriver.java:1)
at org.openqa.selenium.remote.RemoteWebDriver.findElement(RemoteWebDriver.java:323)
at io.appium.java_client.DefaultGenericMobileDriver.findElement(DefaultGenericMobileDriver.java:61)
at io.appium.java_client.AppiumDriver.findElement(AppiumDriver.java:1)
at io.appium.java_client.windows.WindowsDriver.findElement(WindowsDriver.java:1)
at org.openqa.selenium.remote.RemoteWebDriver.findElementByXPath(RemoteWebDriver.java:428)
at io.appium.java_client.DefaultGenericMobileDriver.findElementByXPath(DefaultGenericMobileDriver.java:151)
at io.appium.java_client.AppiumDriver.findElementByXPath(AppiumDriver.java:1)
at io.appium.java_client.windows.WindowsDriver.findElementByXPath(WindowsDriver.java:1)
at org.openqa.selenium.By$ByXPath.findElement(By.java:353)
at org.openqa.selenium.remote.RemoteWebDriver.findElement(RemoteWebDriver.java:315)
at io.appium.java_client.DefaultGenericMobileDriver.findElement(DefaultGenericMobileDriver.java:57)
at io.appium.java_client.AppiumDriver.findElement(AppiumDriver.java:1)
at io.appium.java_client.windows.WindowsDriver.findElement(WindowsDriver.java:1)
at org.openqa.selenium.support.ui.ExpectedConditions$6.apply(ExpectedConditions.java:182)
at org.openqa.selenium.support.ui.ExpectedConditions$6.apply(ExpectedConditions.java:179)
at org.openqa.selenium.support.ui.FluentWait.until(FluentWait.java:249)
... 30 more
... Removed 31 stack frames]]>
    </failure>
  </testcase> <!-- mixed_preset_trans -->
  <testcase classname="com.qa.winapp.test.Testcases" name="fuel_pak_trans" time="164.201">
    <failure type="org.openqa.selenium.WebDriverException" message="Connection refused: no further information
Build info: version: &amp;apos;3.141.5&amp;apos;, revision: &amp;apos;d54ebd709a&amp;apos;, time: &amp;apos;2018-11-06T11:42:16&amp;apos;
System info: host: &amp;apos;RNZ880310-01-P&amp;apos;, ip: &amp;apos;192.168.5.132&amp;apos;, os.name: &amp;apos;Windows 10&amp;apos;, os.arch: &amp;apos;amd64&amp;apos;, os.version: &amp;apos;10.0&amp;apos;, java.version: &amp;apos;17.0.5&amp;apos;
Driver info: driver.version: WindowsDriver">
      <![CDATA[org.openqa.selenium.WebDriverException: Connection refused: no further information
Build info: version: '3.141.5', revision: 'd54ebd709a', time: '2018-11-06T11:42:16'
System info: host: 'RNZ880310-01-P', ip: '192.168.5.132', os.name: 'Windows 10', os.arch: 'amd64', os.version: '10.0', java.version: '17.0.5'
Driver info: driver.version: WindowsDriver
at io.appium.java_client.remote.AppiumCommandExecutor.lambda$5(AppiumCommandExecutor.java:251)
at java.base/java.util.Optional.orElseGet(Optional.java:364)
at io.appium.java_client.remote.AppiumCommandExecutor.execute(AppiumCommandExecutor.java:250)
at org.openqa.selenium.remote.RemoteWebDriver.execute(RemoteWebDriver.java:552)
at io.appium.java_client.DefaultGenericMobileDriver.execute(DefaultGenericMobileDriver.java:41)
at io.appium.java_client.AppiumDriver.execute(AppiumDriver.java:1)
at io.appium.java_client.windows.WindowsDriver.execute(WindowsDriver.java:1)
at org.openqa.selenium.remote.RemoteWebDriver.findElement(RemoteWebDriver.java:323)
at io.appium.java_client.DefaultGenericMobileDriver.findElement(DefaultGenericMobileDriver.java:61)
at io.appium.java_client.AppiumDriver.findElement(AppiumDriver.java:1)
at io.appium.java_client.windows.WindowsDriver.findElement(WindowsDriver.java:1)
at org.openqa.selenium.remote.RemoteWebDriver.findElementByXPath(RemoteWebDriver.java:428)
at io.appium.java_client.DefaultGenericMobileDriver.findElementByXPath(DefaultGenericMobileDriver.java:151)
at io.appium.java_client.AppiumDriver.findElementByXPath(AppiumDriver.java:1)
at io.appium.java_client.windows.WindowsDriver.findElementByXPath(WindowsDriver.java:1)
at org.openqa.selenium.By$ByXPath.findElement(By.java:353)
at org.openqa.selenium.remote.RemoteWebDriver.findElement(RemoteWebDriver.java:315)
at io.appium.java_client.DefaultGenericMobileDriver.findElement(DefaultGenericMobileDriver.java:57)
at io.appium.java_client.AppiumDriver.findElement(AppiumDriver.java:1)
at io.appium.java_client.windows.WindowsDriver.findElement(WindowsDriver.java:1)
at org.openqa.selenium.support.ui.ExpectedConditions$6.apply(ExpectedConditions.java:182)
at org.openqa.selenium.support.ui.ExpectedConditions$6.apply(ExpectedConditions.java:179)
at org.openqa.selenium.support.ui.FluentWait.until(FluentWait.java:249)
at com.qa.winapp.util.Obj.waitforElement(Obj.java:48)
at com.qa.winapp.util.Obj.authorizefuel(Obj.java:223)
at com.qa.winapp.test.Testcases.fuel_pak_trans(Testcases.java:70)
at java.base/java.util.ArrayList.forEach(ArrayList.java:1511)
Caused by: java.net.ConnectException: Connection refused: no further information
at java.base/sun.nio.ch.Net.pollConnect(Native Method)
at java.base/sun.nio.ch.Net.pollConnectNow(Net.java:672)
at java.base/sun.nio.ch.NioSocketImpl.timedFinishConnect(NioSocketImpl.java:542)
at java.base/sun.nio.ch.NioSocketImpl.connect(NioSocketImpl.java:597)
at java.base/java.net.SocksSocketImpl.connect(SocksSocketImpl.java:327)
at java.base/java.net.Socket.connect(Socket.java:633)
at okhttp3.internal.platform.Platform.connectSocket(Platform.java:129)
at okhttp3.internal.connection.RealConnection.connectSocket(RealConnection.java:245)
at okhttp3.internal.connection.RealConnection.connect(RealConnection.java:165)
at okhttp3.internal.connection.StreamAllocation.findConnection(StreamAllocation.java:257)
at okhttp3.internal.connection.StreamAllocation.findHealthyConnection(StreamAllocation.java:135)
at okhttp3.internal.connection.StreamAllocation.newStream(StreamAllocation.java:114)
at okhttp3.internal.connection.ConnectInterceptor.intercept(ConnectInterceptor.java:42)
at okhttp3.internal.http.RealInterceptorChain.proceed(RealInterceptorChain.java:147)
at okhttp3.internal.http.RealInterceptorChain.proceed(RealInterceptorChain.java:121)
at okhttp3.internal.cache.CacheInterceptor.intercept(CacheInterceptor.java:93)
at okhttp3.internal.http.RealInterceptorChain.proceed(RealInterceptorChain.java:147)
at okhttp3.internal.http.RealInterceptorChain.proceed(RealInterceptorChain.java:121)
at okhttp3.internal.http.BridgeInterceptor.intercept(BridgeInterceptor.java:93)
at okhttp3.internal.http.RealInterceptorChain.proceed(RealInterceptorChain.java:147)
at okhttp3.internal.http.RetryAndFollowUpInterceptor.intercept(RetryAndFollowUpInterceptor.java:126)
at okhttp3.internal.http.RealInterceptorChain.proceed(RealInterceptorChain.java:147)
at okhttp3.internal.http.RealInterceptorChain.proceed(RealInterceptorChain.java:121)
at okhttp3.RealCall.getResponseWithInterceptorChain(RealCall.java:200)
at okhttp3.RealCall.execute(RealCall.java:77)
at org.openqa.selenium.remote.internal.OkHttpClient.execute(OkHttpClient.java:103)
at org.openqa.selenium.remote.HttpCommandExecutor.execute(HttpCommandExecutor.java:155)
at io.appium.java_client.remote.AppiumCommandExecutor.execute(AppiumCommandExecutor.java:239)
... 51 more
... Removed 27 stack frames]]>
    </failure>
  </testcase> <!-- fuel_pak_trans -->
  <testcase classname="com.qa.winapp.test.Testcases" name="fuel_prepay_trans" time="0.019">
    <failure type="org.openqa.selenium.WebDriverException" message="Connection refused: no further information
Build info: version: &amp;apos;3.141.5&amp;apos;, revision: &amp;apos;d54ebd709a&amp;apos;, time: &amp;apos;2018-11-06T11:42:16&amp;apos;
System info: host: &amp;apos;RNZ880310-01-P&amp;apos;, ip: &amp;apos;192.168.5.132&amp;apos;, os.name: &amp;apos;Windows 10&amp;apos;, os.arch: &amp;apos;amd64&amp;apos;, os.version: &amp;apos;10.0&amp;apos;, java.version: &amp;apos;17.0.5&amp;apos;
Driver info: driver.version: WindowsDriver">
      <![CDATA[org.openqa.selenium.WebDriverException: Connection refused: no further information
Build info: version: '3.141.5', revision: 'd54ebd709a', time: '2018-11-06T11:42:16'
System info: host: 'RNZ880310-01-P', ip: '192.168.5.132', os.name: 'Windows 10', os.arch: 'amd64', os.version: '10.0', java.version: '17.0.5'
Driver info: driver.version: WindowsDriver
at io.appium.java_client.remote.AppiumCommandExecutor.lambda$5(AppiumCommandExecutor.java:251)
at java.base/java.util.Optional.orElseGet(Optional.java:364)
at io.appium.java_client.remote.AppiumCommandExecutor.execute(AppiumCommandExecutor.java:250)
at org.openqa.selenium.remote.RemoteWebDriver.execute(RemoteWebDriver.java:552)
at io.appium.java_client.DefaultGenericMobileDriver.execute(DefaultGenericMobileDriver.java:41)
at io.appium.java_client.AppiumDriver.execute(AppiumDriver.java:1)
at io.appium.java_client.windows.WindowsDriver.execute(WindowsDriver.java:1)
at org.openqa.selenium.remote.RemoteWebDriver.findElement(RemoteWebDriver.java:323)
at io.appium.java_client.DefaultGenericMobileDriver.findElement(DefaultGenericMobileDriver.java:61)
at io.appium.java_client.AppiumDriver.findElement(AppiumDriver.java:1)
at io.appium.java_client.windows.WindowsDriver.findElement(WindowsDriver.java:1)
at org.openqa.selenium.remote.RemoteWebDriver.findElementByXPath(RemoteWebDriver.java:428)
at io.appium.java_client.DefaultGenericMobileDriver.findElementByXPath(DefaultGenericMobileDriver.java:151)
at io.appium.java_client.AppiumDriver.findElementByXPath(AppiumDriver.java:1)
at io.appium.java_client.windows.WindowsDriver.findElementByXPath(WindowsDriver.java:1)
at com.qa.winapp.util.Obj.Fuelpump(Obj.java:126)
at com.qa.winapp.test.Testcases.fuel_prepay_trans(Testcases.java:89)
at java.base/java.util.ArrayList.forEach(ArrayList.java:1511)
Caused by: java.net.ConnectException: Connection refused: no further information
at java.base/sun.nio.ch.Net.pollConnect(Native Method)
at java.base/sun.nio.ch.Net.pollConnectNow(Net.java:672)
at java.base/sun.nio.ch.NioSocketImpl.timedFinishConnect(NioSocketImpl.java:542)
at java.base/sun.nio.ch.NioSocketImpl.connect(NioSocketImpl.java:597)
at java.base/java.net.SocksSocketImpl.connect(SocksSocketImpl.java:327)
at java.base/java.net.Socket.connect(Socket.java:633)
at okhttp3.internal.platform.Platform.connectSocket(Platform.java:129)
at okhttp3.internal.connection.RealConnection.connectSocket(RealConnection.java:245)
at okhttp3.internal.connection.RealConnection.connect(RealConnection.java:165)
at okhttp3.internal.connection.StreamAllocation.findConnection(StreamAllocation.java:257)
at okhttp3.internal.connection.StreamAllocation.findHealthyConnection(StreamAllocation.java:135)
at okhttp3.internal.connection.StreamAllocation.newStream(StreamAllocation.java:114)
at okhttp3.internal.connection.ConnectInterceptor.intercept(ConnectInterceptor.java:42)
at okhttp3.internal.http.RealInterceptorChain.proceed(RealInterceptorChain.java:147)
at okhttp3.internal.http.RealInterceptorChain.proceed(RealInterceptorChain.java:121)
at okhttp3.internal.cache.CacheInterceptor.intercept(CacheInterceptor.java:93)
at okhttp3.internal.http.RealInterceptorChain.proceed(RealInterceptorChain.java:147)
at okhttp3.internal.http.RealInterceptorChain.proceed(RealInterceptorChain.java:121)
at okhttp3.internal.http.BridgeInterceptor.intercept(BridgeInterceptor.java:93)
at okhttp3.internal.http.RealInterceptorChain.proceed(RealInterceptorChain.java:147)
at okhttp3.internal.http.RetryAndFollowUpInterceptor.intercept(RetryAndFollowUpInterceptor.java:126)
at okhttp3.internal.http.RealInterceptorChain.proceed(RealInterceptorChain.java:147)
at okhttp3.internal.http.RealInterceptorChain.proceed(RealInterceptorChain.java:121)
at okhttp3.RealCall.getResponseWithInterceptorChain(RealCall.java:200)
at okhttp3.RealCall.execute(RealCall.java:77)
at org.openqa.selenium.remote.internal.OkHttpClient.execute(OkHttpClient.java:103)
at org.openqa.selenium.remote.HttpCommandExecutor.execute(HttpCommandExecutor.java:155)
at io.appium.java_client.remote.AppiumCommandExecutor.execute(AppiumCommandExecutor.java:239)
... 42 more
... Removed 27 stack frames]]>
    </failure>
  </testcase> <!-- fuel_prepay_trans -->
</testsuite> <!-- Test -->
