<?xml version="1.0" encoding="UTF-8"?>
<!-- Generated by org.testng.reporters.JUnitXMLReporter -->
<testsuite ignored="0" hostname="RNZ880310-01-F" failures="2" tests="3" name="Test" time="27.026" errors="0" timestamp="2023-01-16T03:24:53 GMT">
  <testcase classname="com.qa.fuelapp.test.StartFuelTest" name="startFuel" time="0.836"/>
  <testcase classname="com.qa.fuelapp.test.TestCases" name="fuelling" time="24.516">
    <failure type="org.openqa.selenium.WebDriverException" message="Connection refused: no further information
Build info: version: &amp;apos;3.141.5&amp;apos;, revision: &amp;apos;d54ebd709a&amp;apos;, time: &amp;apos;2018-11-06T11:42:16&amp;apos;
System info: host: &amp;apos;RNZ880310-01-F&amp;apos;, ip: &amp;apos;192.168.0.48&amp;apos;, os.name: &amp;apos;Windows 10&amp;apos;, os.arch: &amp;apos;amd64&amp;apos;, os.version: &amp;apos;10.0&amp;apos;, java.version: &amp;apos;17.0.5&amp;apos;
Driver info: driver.version: WindowsDriver">
      <![CDATA[org.openqa.selenium.WebDriverException: Connection refused: no further information
Build info: version: '3.141.5', revision: 'd54ebd709a', time: '2018-11-06T11:42:16'
System info: host: 'RNZ880310-01-F', ip: '192.168.0.48', os.name: 'Windows 10', os.arch: 'amd64', os.version: '10.0', java.version: '17.0.5'
Driver info: driver.version: WindowsDriver
at io.appium.java_client.remote.AppiumCommandExecutor.lambda$5(AppiumCommandExecutor.java:251)
at java.base/java.util.Optional.orElseGet(Optional.java:364)
at io.appium.java_client.remote.AppiumCommandExecutor.execute(AppiumCommandExecutor.java:250)
at org.openqa.selenium.remote.RemoteWebDriver.execute(RemoteWebDriver.java:552)
at io.appium.java_client.DefaultGenericMobileDriver.execute(DefaultGenericMobileDriver.java:41)
at io.appium.java_client.AppiumDriver.execute(AppiumDriver.java:1)
at io.appium.java_client.windows.WindowsDriver.execute(WindowsDriver.java:1)
at org.openqa.selenium.remote.RemoteWebDriver.findElement(RemoteWebDriver.java:323)
at io.appium.java_client.DefaultGenericMobileDriver.findElement(DefaultGenericMobileDriver.java:61)
at io.appium.java_client.AppiumDriver.findElement(AppiumDriver.java:1)
at io.appium.java_client.windows.WindowsDriver.findElement(WindowsDriver.java:1)
at org.openqa.selenium.remote.RemoteWebDriver.findElementByXPath(RemoteWebDriver.java:428)
at io.appium.java_client.DefaultGenericMobileDriver.findElementByXPath(DefaultGenericMobileDriver.java:151)
at io.appium.java_client.AppiumDriver.findElementByXPath(AppiumDriver.java:1)
at io.appium.java_client.windows.WindowsDriver.findElementByXPath(WindowsDriver.java:1)
at org.openqa.selenium.By$ByXPath.findElement(By.java:353)
at org.openqa.selenium.remote.RemoteWebDriver.findElement(RemoteWebDriver.java:315)
at io.appium.java_client.DefaultGenericMobileDriver.findElement(DefaultGenericMobileDriver.java:57)
at io.appium.java_client.AppiumDriver.findElement(AppiumDriver.java:1)
at io.appium.java_client.windows.WindowsDriver.findElement(WindowsDriver.java:1)
at org.openqa.selenium.support.ui.ExpectedConditions$6.apply(ExpectedConditions.java:182)
at org.openqa.selenium.support.ui.ExpectedConditions$6.apply(ExpectedConditions.java:179)
at org.openqa.selenium.support.ui.FluentWait.until(FluentWait.java:249)
at com.qa.fuelapp.util.Objc.waitforElement(Objc.java:37)
at com.qa.fuelapp.util.Objc.doFuel(Objc.java:64)
at com.qa.fuelapp.test.TestCases.fuelling(TestCases.java:22)
at java.base/java.util.ArrayList.forEach(ArrayList.java:1511)
Caused by: java.net.ConnectException: Connection refused: no further information
at java.base/sun.nio.ch.Net.pollConnect(Native Method)
at java.base/sun.nio.ch.Net.pollConnectNow(Net.java:672)
at java.base/sun.nio.ch.NioSocketImpl.timedFinishConnect(NioSocketImpl.java:542)
at java.base/sun.nio.ch.NioSocketImpl.connect(NioSocketImpl.java:597)
at java.base/java.net.SocksSocketImpl.connect(SocksSocketImpl.java:327)
at java.base/java.net.Socket.connect(Socket.java:633)
at okhttp3.internal.platform.Platform.connectSocket(Platform.java:129)
at okhttp3.internal.connection.RealConnection.connectSocket(RealConnection.java:245)
at okhttp3.internal.connection.RealConnection.connect(RealConnection.java:165)
at okhttp3.internal.connection.StreamAllocation.findConnection(StreamAllocation.java:257)
at okhttp3.internal.connection.StreamAllocation.findHealthyConnection(StreamAllocation.java:135)
at okhttp3.internal.connection.StreamAllocation.newStream(StreamAllocation.java:114)
at okhttp3.internal.connection.ConnectInterceptor.intercept(ConnectInterceptor.java:42)
at okhttp3.internal.http.RealInterceptorChain.proceed(RealInterceptorChain.java:147)
at okhttp3.internal.http.RealInterceptorChain.proceed(RealInterceptorChain.java:121)
at okhttp3.internal.cache.CacheInterceptor.intercept(CacheInterceptor.java:93)
at okhttp3.internal.http.RealInterceptorChain.proceed(RealInterceptorChain.java:147)
at okhttp3.internal.http.RealInterceptorChain.proceed(RealInterceptorChain.java:121)
at okhttp3.internal.http.BridgeInterceptor.intercept(BridgeInterceptor.java:93)
at okhttp3.internal.http.RealInterceptorChain.proceed(RealInterceptorChain.java:147)
at okhttp3.internal.http.RetryAndFollowUpInterceptor.intercept(RetryAndFollowUpInterceptor.java:126)
at okhttp3.internal.http.RealInterceptorChain.proceed(RealInterceptorChain.java:147)
at okhttp3.internal.http.RealInterceptorChain.proceed(RealInterceptorChain.java:121)
at okhttp3.RealCall.getResponseWithInterceptorChain(RealCall.java:200)
at okhttp3.RealCall.execute(RealCall.java:77)
at org.openqa.selenium.remote.internal.OkHttpClient.execute(OkHttpClient.java:103)
at org.openqa.selenium.remote.HttpCommandExecutor.execute(HttpCommandExecutor.java:155)
at io.appium.java_client.remote.AppiumCommandExecutor.execute(AppiumCommandExecutor.java:239)
... 51 more
... Removed 27 stack frames]]>
    </failure>
  </testcase> <!-- fuelling -->
  <testcase classname="com.qa.fuelapp.test.TestCases" name="terminateGsim" time="0.009">
    <failure type="org.openqa.selenium.WebDriverException" message="Connection refused: no further information
Build info: version: &amp;apos;3.141.5&amp;apos;, revision: &amp;apos;d54ebd709a&amp;apos;, time: &amp;apos;2018-11-06T11:42:16&amp;apos;
System info: host: &amp;apos;RNZ880310-01-F&amp;apos;, ip: &amp;apos;192.168.0.48&amp;apos;, os.name: &amp;apos;Windows 10&amp;apos;, os.arch: &amp;apos;amd64&amp;apos;, os.version: &amp;apos;10.0&amp;apos;, java.version: &amp;apos;17.0.5&amp;apos;
Driver info: driver.version: WindowsDriver">
      <![CDATA[org.openqa.selenium.WebDriverException: Connection refused: no further information
Build info: version: '3.141.5', revision: 'd54ebd709a', time: '2018-11-06T11:42:16'
System info: host: 'RNZ880310-01-F', ip: '192.168.0.48', os.name: 'Windows 10', os.arch: 'amd64', os.version: '10.0', java.version: '17.0.5'
Driver info: driver.version: WindowsDriver
at io.appium.java_client.remote.AppiumCommandExecutor.lambda$5(AppiumCommandExecutor.java:251)
at java.base/java.util.Optional.orElseGet(Optional.java:364)
at io.appium.java_client.remote.AppiumCommandExecutor.execute(AppiumCommandExecutor.java:250)
at org.openqa.selenium.remote.RemoteWebDriver.execute(RemoteWebDriver.java:552)
at io.appium.java_client.DefaultGenericMobileDriver.execute(DefaultGenericMobileDriver.java:41)
at io.appium.java_client.AppiumDriver.execute(AppiumDriver.java:1)
at io.appium.java_client.windows.WindowsDriver.execute(WindowsDriver.java:1)
at org.openqa.selenium.remote.RemoteWebDriver.findElement(RemoteWebDriver.java:323)
at io.appium.java_client.DefaultGenericMobileDriver.findElement(DefaultGenericMobileDriver.java:61)
at io.appium.java_client.AppiumDriver.findElement(AppiumDriver.java:1)
at io.appium.java_client.windows.WindowsDriver.findElement(WindowsDriver.java:1)
at org.openqa.selenium.remote.RemoteWebDriver.findElementByXPath(RemoteWebDriver.java:428)
at io.appium.java_client.DefaultGenericMobileDriver.findElementByXPath(DefaultGenericMobileDriver.java:151)
at io.appium.java_client.AppiumDriver.findElementByXPath(AppiumDriver.java:1)
at io.appium.java_client.windows.WindowsDriver.findElementByXPath(WindowsDriver.java:1)
at com.qa.fuelapp.util.Objc.Close(Objc.java:56)
at com.qa.fuelapp.test.TestCases.terminateGsim(TestCases.java:28)
at java.base/java.util.ArrayList.forEach(ArrayList.java:1511)
Caused by: java.net.ConnectException: Connection refused: no further information
at java.base/sun.nio.ch.Net.pollConnect(Native Method)
at java.base/sun.nio.ch.Net.pollConnectNow(Net.java:672)
at java.base/sun.nio.ch.NioSocketImpl.timedFinishConnect(NioSocketImpl.java:542)
at java.base/sun.nio.ch.NioSocketImpl.connect(NioSocketImpl.java:597)
at java.base/java.net.SocksSocketImpl.connect(SocksSocketImpl.java:327)
at java.base/java.net.Socket.connect(Socket.java:633)
at okhttp3.internal.platform.Platform.connectSocket(Platform.java:129)
at okhttp3.internal.connection.RealConnection.connectSocket(RealConnection.java:245)
at okhttp3.internal.connection.RealConnection.connect(RealConnection.java:165)
at okhttp3.internal.connection.StreamAllocation.findConnection(StreamAllocation.java:257)
at okhttp3.internal.connection.StreamAllocation.findHealthyConnection(StreamAllocation.java:135)
at okhttp3.internal.connection.StreamAllocation.newStream(StreamAllocation.java:114)
at okhttp3.internal.connection.ConnectInterceptor.intercept(ConnectInterceptor.java:42)
at okhttp3.internal.http.RealInterceptorChain.proceed(RealInterceptorChain.java:147)
at okhttp3.internal.http.RealInterceptorChain.proceed(RealInterceptorChain.java:121)
at okhttp3.internal.cache.CacheInterceptor.intercept(CacheInterceptor.java:93)
at okhttp3.internal.http.RealInterceptorChain.proceed(RealInterceptorChain.java:147)
at okhttp3.internal.http.RealInterceptorChain.proceed(RealInterceptorChain.java:121)
at okhttp3.internal.http.BridgeInterceptor.intercept(BridgeInterceptor.java:93)
at okhttp3.internal.http.RealInterceptorChain.proceed(RealInterceptorChain.java:147)
at okhttp3.internal.http.RetryAndFollowUpInterceptor.intercept(RetryAndFollowUpInterceptor.java:126)
at okhttp3.internal.http.RealInterceptorChain.proceed(RealInterceptorChain.java:147)
at okhttp3.internal.http.RealInterceptorChain.proceed(RealInterceptorChain.java:121)
at okhttp3.RealCall.getResponseWithInterceptorChain(RealCall.java:200)
at okhttp3.RealCall.execute(RealCall.java:77)
at org.openqa.selenium.remote.internal.OkHttpClient.execute(OkHttpClient.java:103)
at org.openqa.selenium.remote.HttpCommandExecutor.execute(HttpCommandExecutor.java:155)
at io.appium.java_client.remote.AppiumCommandExecutor.execute(AppiumCommandExecutor.java:239)
... 42 more
... Removed 27 stack frames]]>
    </failure>
  </testcase> <!-- terminateGsim -->
</testsuite> <!-- Test -->
